Determining if the pthread_create exist failed with the following output:
Change Dir: /home/ofir123dubi/deformetrica_build/CMakeFiles/CMakeTmp

Run Build Command:"/usr/bin/make" "cmTC_daf80/fast"
/usr/bin/make -f CMakeFiles/cmTC_daf80.dir/build.make CMakeFiles/cmTC_daf80.dir/build
make[1]: Entering directory '/home/ofir123dubi/deformetrica_build/CMakeFiles/CMakeTmp'
Building C object CMakeFiles/cmTC_daf80.dir/CheckSymbolExists.c.o
/usr/bin/cc     -o CMakeFiles/cmTC_daf80.dir/CheckSymbolExists.c.o   -c /home/ofir123dubi/deformetrica_build/CMakeFiles/CMakeTmp/CheckSymbolExists.c
Linking C executable cmTC_daf80
/usr/bin/cmake -E cmake_link_script CMakeFiles/cmTC_daf80.dir/link.txt --verbose=1
/usr/bin/cc       CMakeFiles/cmTC_daf80.dir/CheckSymbolExists.c.o  -o cmTC_daf80 -rdynamic 
CMakeFiles/cmTC_daf80.dir/CheckSymbolExists.c.o: In function `main':
CheckSymbolExists.c:(.text+0x16): undefined reference to `pthread_create'
collect2: error: ld returned 1 exit status
CMakeFiles/cmTC_daf80.dir/build.make:97: recipe for target 'cmTC_daf80' failed
make[1]: *** [cmTC_daf80] Error 1
make[1]: Leaving directory '/home/ofir123dubi/deformetrica_build/CMakeFiles/CMakeTmp'
Makefile:126: recipe for target 'cmTC_daf80/fast' failed
make: *** [cmTC_daf80/fast] Error 2

File /home/ofir123dubi/deformetrica_build/CMakeFiles/CMakeTmp/CheckSymbolExists.c:
/* */
#include <pthread.h>

int main(int argc, char** argv)
{
  (void)argv;
#ifndef pthread_create
  return ((int*)(&pthread_create))[argc];
#else
  (void)argc;
  return 0;
#endif
}

Determining if the function pthread_create exists in the pthreads failed with the following output:
Change Dir: /home/ofir123dubi/deformetrica_build/CMakeFiles/CMakeTmp

Run Build Command:"/usr/bin/make" "cmTC_d91cd/fast"
/usr/bin/make -f CMakeFiles/cmTC_d91cd.dir/build.make CMakeFiles/cmTC_d91cd.dir/build
make[1]: Entering directory '/home/ofir123dubi/deformetrica_build/CMakeFiles/CMakeTmp'
Building C object CMakeFiles/cmTC_d91cd.dir/CheckFunctionExists.c.o
/usr/bin/cc    -DCHECK_FUNCTION_EXISTS=pthread_create   -o CMakeFiles/cmTC_d91cd.dir/CheckFunctionExists.c.o   -c /usr/share/cmake-3.5/Modules/CheckFunctionExists.c
Linking C executable cmTC_d91cd
/usr/bin/cmake -E cmake_link_script CMakeFiles/cmTC_d91cd.dir/link.txt --verbose=1
/usr/bin/cc   -DCHECK_FUNCTION_EXISTS=pthread_create    CMakeFiles/cmTC_d91cd.dir/CheckFunctionExists.c.o  -o cmTC_d91cd -rdynamic -lpthreads 
/usr/bin/ld: cannot find -lpthreads
collect2: error: ld returned 1 exit status
CMakeFiles/cmTC_d91cd.dir/build.make:97: recipe for target 'cmTC_d91cd' failed
make[1]: *** [cmTC_d91cd] Error 1
make[1]: Leaving directory '/home/ofir123dubi/deformetrica_build/CMakeFiles/CMakeTmp'
Makefile:126: recipe for target 'cmTC_d91cd/fast' failed
make: *** [cmTC_d91cd/fast] Error 2


Performing C++ SOURCE FILE Test HAVE_CXX_FLAG_WSHORTEN_64_TO_32 failed with the following output:
Change Dir: /home/ofir123dubi/deformetrica_build/CMakeFiles/CMakeTmp

Run Build Command:"/usr/bin/make" "cmTC_aa6e5/fast"
/usr/bin/make -f CMakeFiles/cmTC_aa6e5.dir/build.make CMakeFiles/cmTC_aa6e5.dir/build
make[1]: Entering directory '/home/ofir123dubi/deformetrica_build/CMakeFiles/CMakeTmp'
Building CXX object CMakeFiles/cmTC_aa6e5.dir/src.cxx.o
/usr/bin/c++     -std=gnu++1z -O2 -DARMA_NO_DEBUG -DNDEBUG -msse4.2   -std=c++11 -Wall -Wextra -Wshadow -pedantic -pedantic-errors -DHAVE_CXX_FLAG_WSHORTEN_64_TO_32  -Wshorten-64-to-32   -Wshorten-64-to-32 -o CMakeFiles/cmTC_aa6e5.dir/src.cxx.o -c /home/ofir123dubi/deformetrica_build/CMakeFiles/CMakeTmp/src.cxx
c++: error: unrecognized command line option '-Wshorten-64-to-32'
c++: error: unrecognized command line option '-Wshorten-64-to-32'
CMakeFiles/cmTC_aa6e5.dir/build.make:65: recipe for target 'CMakeFiles/cmTC_aa6e5.dir/src.cxx.o' failed
make[1]: *** [CMakeFiles/cmTC_aa6e5.dir/src.cxx.o] Error 1
make[1]: Leaving directory '/home/ofir123dubi/deformetrica_build/CMakeFiles/CMakeTmp'
Makefile:126: recipe for target 'cmTC_aa6e5/fast' failed
make: *** [cmTC_aa6e5/fast] Error 2

Source file was:
int main() { return 0; }
Performing C++ SOURCE FILE Test HAVE_CXX_FLAG_WD654 failed with the following output:
Change Dir: /home/ofir123dubi/deformetrica_build/CMakeFiles/CMakeTmp

Run Build Command:"/usr/bin/make" "cmTC_82d15/fast"
/usr/bin/make -f CMakeFiles/cmTC_82d15.dir/build.make CMakeFiles/cmTC_82d15.dir/build
make[1]: Entering directory '/home/ofir123dubi/deformetrica_build/CMakeFiles/CMakeTmp'
Building CXX object CMakeFiles/cmTC_82d15.dir/src.cxx.o
/usr/bin/c++     -std=gnu++1z -O2 -DARMA_NO_DEBUG -DNDEBUG -msse4.2   -std=c++11 -Wall -Wextra -Wshadow -pedantic -pedantic-errors -Wfloat-equal -fstrict-aliasing -Wzero-as-null-pointer-constant -Wstrict-aliasing -DHAVE_CXX_FLAG_WD654  -wd654   -wd654 -o CMakeFiles/cmTC_82d15.dir/src.cxx.o -c /home/ofir123dubi/deformetrica_build/CMakeFiles/CMakeTmp/src.cxx
c++: error: unrecognized command line option '-wd654'
c++: error: unrecognized command line option '-wd654'
CMakeFiles/cmTC_82d15.dir/build.make:65: recipe for target 'CMakeFiles/cmTC_82d15.dir/src.cxx.o' failed
make[1]: *** [CMakeFiles/cmTC_82d15.dir/src.cxx.o] Error 1
make[1]: Leaving directory '/home/ofir123dubi/deformetrica_build/CMakeFiles/CMakeTmp'
Makefile:126: recipe for target 'cmTC_82d15/fast' failed
make: *** [cmTC_82d15/fast] Error 2

Source file was:
int main() { return 0; }
Performing C++ SOURCE FILE Test HAVE_CXX_FLAG_WTHREAD_SAFETY failed with the following output:
Change Dir: /home/ofir123dubi/deformetrica_build/CMakeFiles/CMakeTmp

Run Build Command:"/usr/bin/make" "cmTC_4fde4/fast"
/usr/bin/make -f CMakeFiles/cmTC_4fde4.dir/build.make CMakeFiles/cmTC_4fde4.dir/build
make[1]: Entering directory '/home/ofir123dubi/deformetrica_build/CMakeFiles/CMakeTmp'
Building CXX object CMakeFiles/cmTC_4fde4.dir/src.cxx.o
/usr/bin/c++     -std=gnu++1z -O2 -DARMA_NO_DEBUG -DNDEBUG -msse4.2   -std=c++11 -Wall -Wextra -Wshadow -pedantic -pedantic-errors -Wfloat-equal -fstrict-aliasing -Wzero-as-null-pointer-constant -Wstrict-aliasing -DHAVE_CXX_FLAG_WTHREAD_SAFETY  -Wthread-safety   -Wthread-safety -o CMakeFiles/cmTC_4fde4.dir/src.cxx.o -c /home/ofir123dubi/deformetrica_build/CMakeFiles/CMakeTmp/src.cxx
c++: error: unrecognized command line option '-Wthread-safety'
c++: error: unrecognized command line option '-Wthread-safety'
CMakeFiles/cmTC_4fde4.dir/build.make:65: recipe for target 'CMakeFiles/cmTC_4fde4.dir/src.cxx.o' failed
make[1]: *** [CMakeFiles/cmTC_4fde4.dir/src.cxx.o] Error 1
make[1]: Leaving directory '/home/ofir123dubi/deformetrica_build/CMakeFiles/CMakeTmp'
Makefile:126: recipe for target 'cmTC_4fde4/fast' failed
make: *** [cmTC_4fde4/fast] Error 2

Source file was:
int main() { return 0; }
